<?xml version="1.0" encoding="UTF-8"?>
<testsuites tests="279" failures="0" errors="0" time="2.631492">
	<testsuite tests="0" failures="0" time="0.000000" name="PPO_BMSTU/tests/unit_tests/builders" timestamp="2024-10-10T01:29:48+03:00">
		<properties>
			<property name="go.version" value="go1.22.4 windows/amd64"></property>
		</properties>
	</testsuite>
	<testsuite tests="103" failures="0" time="0.462000" name="PPO_BMSTU/tests/unit_tests/test_repository" timestamp="2024-10-10T01:29:48+03:00">
		<properties>
			<property name="go.version" value="go1.22.4 windows/amd64"></property>
		</properties>
		<testcase classname="PPO_BMSTU/tests/unit_tests/test_repository" name="TestICrewRepository/TestCrewRepositoryAttachParticipantToCrew_Failure" time="0.000000"></testcase>
		<testcase classname="PPO_BMSTU/tests/unit_tests/test_repository" name="TestICrewRepository/TestCrewRepositoryAttachParticipantToCrew_Success" time="0.000000"></testcase>
		<testcase classname="PPO_BMSTU/tests/unit_tests/test_repository" name="TestICrewRepository/TestCrewRepositoryCreate_Failure" time="0.000000"></testcase>
		<testcase classname="PPO_BMSTU/tests/unit_tests/test_repository" name="TestICrewRepository/TestCrewRepositoryCreate_Success" time="0.000000"></testcase>
		<testcase classname="PPO_BMSTU/tests/unit_tests/test_repository" name="TestICrewRepository/TestCrewRepositoryDelete_Failure" time="0.000000"></testcase>
		<testcase classname="PPO_BMSTU/tests/unit_tests/test_repository" name="TestICrewRepository/TestCrewRepositoryDelete_Success" time="0.000000"></testcase>
		<testcase classname="PPO_BMSTU/tests/unit_tests/test_repository" name="TestICrewRepository/TestCrewRepositoryDetachParticipantFromCrew_Failure" time="0.000000"></testcase>
		<testcase classname="PPO_BMSTU/tests/unit_tests/test_repository" name="TestICrewRepository/TestCrewRepositoryDetachParticipantFromCrew_Success" time="0.000000"></testcase>
		<testcase classname="PPO_BMSTU/tests/unit_tests/test_repository" name="TestICrewRepository/TestCrewRepositoryGetCrewDataByID_Failure" time="0.000000"></testcase>
		<testcase classname="PPO_BMSTU/tests/unit_tests/test_repository" name="TestICrewRepository/TestCrewRepositoryGetCrewDataByID_Success" time="0.000000"></testcase>
		<testcase classname="PPO_BMSTU/tests/unit_tests/test_repository" name="TestICrewRepository/TestCrewRepositoryGetCrewDataBySailNumAndRatingID_Failure" time="0.000000"></testcase>
		<testcase classname="PPO_BMSTU/tests/unit_tests/test_repository" name="TestICrewRepository/TestCrewRepositoryGetCrewDataBySailNumAndRatingID_Success" time="0.000000"></testcase>
		<testcase classname="PPO_BMSTU/tests/unit_tests/test_repository" name="TestICrewRepository/TestCrewRepositoryGetCrewsDataByProtestID_Failure" time="0.000000"></testcase>
		<testcase classname="PPO_BMSTU/tests/unit_tests/test_repository" name="TestICrewRepository/TestCrewRepositoryGetCrewsDataByProtestID_Success" time="0.000000"></testcase>
		<testcase classname="PPO_BMSTU/tests/unit_tests/test_repository" name="TestICrewRepository/TestCrewRepositoryGetCrewsDataByRatingID_Failure" time="0.000000"></testcase>
		<testcase classname="PPO_BMSTU/tests/unit_tests/test_repository" name="TestICrewRepository/TestCrewRepositoryGetCrewsDataByRatingID_Success" time="0.000000"></testcase>
		<testcase classname="PPO_BMSTU/tests/unit_tests/test_repository" name="TestICrewRepository/TestCrewRepositoryReplaceParticipantStatusInCrew_Failure" time="0.000000"></testcase>
		<testcase classname="PPO_BMSTU/tests/unit_tests/test_repository" name="TestICrewRepository/TestCrewRepositoryReplaceParticipantStatusInCrew_Success" time="0.000000"></testcase>
		<testcase classname="PPO_BMSTU/tests/unit_tests/test_repository" name="TestICrewRepository/TestCrewRepositoryUpdate_Failure" time="0.000000"></testcase>
		<testcase classname="PPO_BMSTU/tests/unit_tests/test_repository" name="TestICrewRepository/TestCrewRepositoryUpdate_Success" time="0.000000"></testcase>
		<testcase classname="PPO_BMSTU/tests/unit_tests/test_repository" name="TestICrewRepository" time="0.000000"></testcase>
		<testcase classname="PPO_BMSTU/tests/unit_tests/test_repository" name="TestCrewResInRaceRepository/TestCrewResInRaceRepositoryCreate_Failure" time="0.000000"></testcase>
		<testcase classname="PPO_BMSTU/tests/unit_tests/test_repository" name="TestCrewResInRaceRepository/TestCrewResInRaceRepositoryCreate_Success" time="0.000000"></testcase>
		<testcase classname="PPO_BMSTU/tests/unit_tests/test_repository" name="TestCrewResInRaceRepository/TestCrewResInRaceRepositoryDelete_Failure" time="0.000000"></testcase>
		<testcase classname="PPO_BMSTU/tests/unit_tests/test_repository" name="TestCrewResInRaceRepository/TestCrewResInRaceRepositoryDelete_Success" time="0.000000"></testcase>
		<testcase classname="PPO_BMSTU/tests/unit_tests/test_repository" name="TestCrewResInRaceRepository/TestCrewResInRaceRepositoryGetCrewResByRaceIDAndCrewID_Failure" time="0.000000"></testcase>
		<testcase classname="PPO_BMSTU/tests/unit_tests/test_repository" name="TestCrewResInRaceRepository/TestCrewResInRaceRepositoryGetCrewResByRaceIDAndCrewID_Success" time="0.000000"></testcase>
		<testcase classname="PPO_BMSTU/tests/unit_tests/test_repository" name="TestCrewResInRaceRepository/TestCrewResInRaceRepositoryUpdate_Failure" time="0.000000"></testcase>
		<testcase classname="PPO_BMSTU/tests/unit_tests/test_repository" name="TestCrewResInRaceRepository/TestCrewResInRaceRepositoryUpdate_Success" time="0.000000"></testcase>
		<testcase classname="PPO_BMSTU/tests/unit_tests/test_repository" name="TestCrewResInRaceRepository" time="0.000000"></testcase>
		<testcase classname="PPO_BMSTU/tests/unit_tests/test_repository" name="TestJudgeRepository/TestCreateProfile_Failure" time="0.000000"></testcase>
		<testcase classname="PPO_BMSTU/tests/unit_tests/test_repository" name="TestJudgeRepository/TestCreateProfile_Success" time="0.000000"></testcase>
		<testcase classname="PPO_BMSTU/tests/unit_tests/test_repository" name="TestJudgeRepository/TestJudgeRepositoryDelete_Failure" time="0.000000"></testcase>
		<testcase classname="PPO_BMSTU/tests/unit_tests/test_repository" name="TestJudgeRepository/TestJudgeRepositoryDelete_Success" time="0.000000"></testcase>
		<testcase classname="PPO_BMSTU/tests/unit_tests/test_repository" name="TestJudgeRepository/TestJudgeRepositoryGetAllJudges_Failure" time="0.000000"></testcase>
		<testcase classname="PPO_BMSTU/tests/unit_tests/test_repository" name="TestJudgeRepository/TestJudgeRepositoryGetAllJudges_Success" time="0.000000"></testcase>
		<testcase classname="PPO_BMSTU/tests/unit_tests/test_repository" name="TestJudgeRepository/TestJudgeRepositoryGetByID_Failure" time="0.000000"></testcase>
		<testcase classname="PPO_BMSTU/tests/unit_tests/test_repository" name="TestJudgeRepository/TestJudgeRepositoryGetByID_Success" time="0.000000"></testcase>
		<testcase classname="PPO_BMSTU/tests/unit_tests/test_repository" name="TestJudgeRepository/TestJudgeRepositoryGetJudgeDataByLogin_Failure" time="0.000000"></testcase>
		<testcase classname="PPO_BMSTU/tests/unit_tests/test_repository" name="TestJudgeRepository/TestJudgeRepositoryGetJudgeDataByLogin_Success" time="0.000000"></testcase>
		<testcase classname="PPO_BMSTU/tests/unit_tests/test_repository" name="TestJudgeRepository/TestJudgeRepositoryGetJudgeDataByProtestID_Failure" time="0.000000"></testcase>
		<testcase classname="PPO_BMSTU/tests/unit_tests/test_repository" name="TestJudgeRepository/TestJudgeRepositoryGetJudgeDataByProtestID_Success" time="0.000000"></testcase>
		<testcase classname="PPO_BMSTU/tests/unit_tests/test_repository" name="TestJudgeRepository/TestJudgeRepositoryGetJudgesDataByRatingID_Failure" time="0.000000"></testcase>
		<testcase classname="PPO_BMSTU/tests/unit_tests/test_repository" name="TestJudgeRepository/TestJudgeRepositoryGetJudgesDataByRatingID_Success" time="0.000000"></testcase>
		<testcase classname="PPO_BMSTU/tests/unit_tests/test_repository" name="TestJudgeRepository/TestJudgeRepositoryUpdate_Failure" time="0.000000"></testcase>
		<testcase classname="PPO_BMSTU/tests/unit_tests/test_repository" name="TestJudgeRepository/TestJudgeRepositoryUpdate_Success" time="0.000000"></testcase>
		<testcase classname="PPO_BMSTU/tests/unit_tests/test_repository" name="TestJudgeRepository" time="0.000000"></testcase>
		<testcase classname="PPO_BMSTU/tests/unit_tests/test_repository" name="TestIParticipantRepository/TestParticipantRepositoryCreate_Failure" time="0.000000"></testcase>
		<testcase classname="PPO_BMSTU/tests/unit_tests/test_repository" name="TestIParticipantRepository/TestParticipantRepositoryCreate_Success" time="0.000000"></testcase>
		<testcase classname="PPO_BMSTU/tests/unit_tests/test_repository" name="TestIParticipantRepository/TestParticipantRepositoryDelete_Failure" time="0.000000"></testcase>
		<testcase classname="PPO_BMSTU/tests/unit_tests/test_repository" name="TestIParticipantRepository/TestParticipantRepositoryDelete_Success" time="0.000000"></testcase>
		<testcase classname="PPO_BMSTU/tests/unit_tests/test_repository" name="TestIParticipantRepository/TestParticipantRepositoryGetAll_Failure" time="0.000000"></testcase>
		<testcase classname="PPO_BMSTU/tests/unit_tests/test_repository" name="TestIParticipantRepository/TestParticipantRepositoryGetAll_Success" time="0.000000"></testcase>
		<testcase classname="PPO_BMSTU/tests/unit_tests/test_repository" name="TestIParticipantRepository/TestParticipantRepositoryGetByCrewID_Failure" time="0.000000"></testcase>
		<testcase classname="PPO_BMSTU/tests/unit_tests/test_repository" name="TestIParticipantRepository/TestParticipantRepositoryGetByCrewID_Success" time="0.000000"></testcase>
		<testcase classname="PPO_BMSTU/tests/unit_tests/test_repository" name="TestIParticipantRepository/TestParticipantRepositoryGetByID_Failure" time="0.000000"></testcase>
		<testcase classname="PPO_BMSTU/tests/unit_tests/test_repository" name="TestIParticipantRepository/TestParticipantRepositoryGetByID_Success" time="0.000000"></testcase>
		<testcase classname="PPO_BMSTU/tests/unit_tests/test_repository" name="TestIParticipantRepository/TestParticipantRepositoryGetByProtestID_Failure" time="0.000000"></testcase>
		<testcase classname="PPO_BMSTU/tests/unit_tests/test_repository" name="TestIParticipantRepository/TestParticipantRepositoryGetByProtestID_Success" time="0.000000"></testcase>
		<testcase classname="PPO_BMSTU/tests/unit_tests/test_repository" name="TestIParticipantRepository/TestParticipantRepositoryUpdate_Failure" time="0.000000"></testcase>
		<testcase classname="PPO_BMSTU/tests/unit_tests/test_repository" name="TestIParticipantRepository/TestParticipantRepositoryUpdate_Success" time="0.000000"></testcase>
		<testcase classname="PPO_BMSTU/tests/unit_tests/test_repository" name="TestIParticipantRepository" time="0.000000"></testcase>
		<testcase classname="PPO_BMSTU/tests/unit_tests/test_repository" name="TestIProtestRepository/TestProtestRepositoryAttachCrewToProtest_Failure" time="0.000000"></testcase>
		<testcase classname="PPO_BMSTU/tests/unit_tests/test_repository" name="TestIProtestRepository/TestProtestRepositoryAttachCrewToProtest_Success" time="0.000000"></testcase>
		<testcase classname="PPO_BMSTU/tests/unit_tests/test_repository" name="TestIProtestRepository/TestProtestRepositoryCreate_Failure" time="0.000000"></testcase>
		<testcase classname="PPO_BMSTU/tests/unit_tests/test_repository" name="TestIProtestRepository/TestProtestRepositoryCreate_Success" time="0.000000"></testcase>
		<testcase classname="PPO_BMSTU/tests/unit_tests/test_repository" name="TestIProtestRepository/TestProtestRepositoryDelete_Failure" time="0.000000"></testcase>
		<testcase classname="PPO_BMSTU/tests/unit_tests/test_repository" name="TestIProtestRepository/TestProtestRepositoryDelete_Success" time="0.000000"></testcase>
		<testcase classname="PPO_BMSTU/tests/unit_tests/test_repository" name="TestIProtestRepository/TestProtestRepositoryDetachCrewFromProtest_Failure" time="0.000000"></testcase>
		<testcase classname="PPO_BMSTU/tests/unit_tests/test_repository" name="TestIProtestRepository/TestProtestRepositoryDetachCrewFromProtest_Success" time="0.000000"></testcase>
		<testcase classname="PPO_BMSTU/tests/unit_tests/test_repository" name="TestIProtestRepository/TestProtestRepositoryGetByID_Failure" time="0.000000"></testcase>
		<testcase classname="PPO_BMSTU/tests/unit_tests/test_repository" name="TestIProtestRepository/TestProtestRepositoryGetByID_Success" time="0.000000"></testcase>
		<testcase classname="PPO_BMSTU/tests/unit_tests/test_repository" name="TestIProtestRepository/TestProtestRepositoryGetProtestParticipantsIDByID_Failure" time="0.000000"></testcase>
		<testcase classname="PPO_BMSTU/tests/unit_tests/test_repository" name="TestIProtestRepository/TestProtestRepositoryGetProtestParticipantsIDByID_Success" time="0.000000"></testcase>
		<testcase classname="PPO_BMSTU/tests/unit_tests/test_repository" name="TestIProtestRepository/TestProtestRepositoryGetProtestsDataByRaceID_Failure" time="0.000000"></testcase>
		<testcase classname="PPO_BMSTU/tests/unit_tests/test_repository" name="TestIProtestRepository/TestProtestRepositoryGetProtestsDataByRaceID_Success" time="0.000000"></testcase>
		<testcase classname="PPO_BMSTU/tests/unit_tests/test_repository" name="TestIProtestRepository/TestProtestRepositoryUpdate_Failure" time="0.000000"></testcase>
		<testcase classname="PPO_BMSTU/tests/unit_tests/test_repository" name="TestIProtestRepository/TestProtestRepositoryUpdate_Success" time="0.000000"></testcase>
		<testcase classname="PPO_BMSTU/tests/unit_tests/test_repository" name="TestIProtestRepository" time="0.000000"></testcase>
		<testcase classname="PPO_BMSTU/tests/unit_tests/test_repository" name="TestRaceRepositoryTestSuite/TestCreate_Failure" time="0.000000"></testcase>
		<testcase classname="PPO_BMSTU/tests/unit_tests/test_repository" name="TestRaceRepositoryTestSuite/TestCreate_Success" time="0.000000"></testcase>
		<testcase classname="PPO_BMSTU/tests/unit_tests/test_repository" name="TestRaceRepositoryTestSuite/TestDelete_Failure" time="0.000000"></testcase>
		<testcase classname="PPO_BMSTU/tests/unit_tests/test_repository" name="TestRaceRepositoryTestSuite/TestDelete_Success" time="0.000000"></testcase>
		<testcase classname="PPO_BMSTU/tests/unit_tests/test_repository" name="TestRaceRepositoryTestSuite/TestGetRaceDataByID_Failure" time="0.000000"></testcase>
		<testcase classname="PPO_BMSTU/tests/unit_tests/test_repository" name="TestRaceRepositoryTestSuite/TestGetRaceDataByID_Success" time="0.000000"></testcase>
		<testcase classname="PPO_BMSTU/tests/unit_tests/test_repository" name="TestRaceRepositoryTestSuite/TestGetRacesDataByRatingID_Failure" time="0.000000"></testcase>
		<testcase classname="PPO_BMSTU/tests/unit_tests/test_repository" name="TestRaceRepositoryTestSuite/TestGetRacesDataByRatingID_Success" time="0.000000"></testcase>
		<testcase classname="PPO_BMSTU/tests/unit_tests/test_repository" name="TestRaceRepositoryTestSuite/TestUpdate_Failure" time="0.000000"></testcase>
		<testcase classname="PPO_BMSTU/tests/unit_tests/test_repository" name="TestRaceRepositoryTestSuite/TestUpdate_Success" time="0.000000"></testcase>
		<testcase classname="PPO_BMSTU/tests/unit_tests/test_repository" name="TestRaceRepositoryTestSuite" time="0.000000"></testcase>
		<testcase classname="PPO_BMSTU/tests/unit_tests/test_repository" name="TestRatingRepositoryTestSuite/TestAttachJudgeToRating_Failure" time="0.000000"></testcase>
		<testcase classname="PPO_BMSTU/tests/unit_tests/test_repository" name="TestRatingRepositoryTestSuite/TestAttachJudgeToRating_Success" time="0.000000"></testcase>
		<testcase classname="PPO_BMSTU/tests/unit_tests/test_repository" name="TestRatingRepositoryTestSuite/TestCreateRating_Failure" time="0.000000"></testcase>
		<testcase classname="PPO_BMSTU/tests/unit_tests/test_repository" name="TestRatingRepositoryTestSuite/TestCreateRating_Success" time="0.000000"></testcase>
		<testcase classname="PPO_BMSTU/tests/unit_tests/test_repository" name="TestRatingRepositoryTestSuite/TestDeleteRating_Failure" time="0.000000"></testcase>
		<testcase classname="PPO_BMSTU/tests/unit_tests/test_repository" name="TestRatingRepositoryTestSuite/TestDeleteRating_Success" time="0.000000"></testcase>
		<testcase classname="PPO_BMSTU/tests/unit_tests/test_repository" name="TestRatingRepositoryTestSuite/TestDetachJudgeFromRating_Failure" time="0.000000"></testcase>
		<testcase classname="PPO_BMSTU/tests/unit_tests/test_repository" name="TestRatingRepositoryTestSuite/TestDetachJudgeFromRating_Success" time="0.000000"></testcase>
		<testcase classname="PPO_BMSTU/tests/unit_tests/test_repository" name="TestRatingRepositoryTestSuite/TestGetRatingByID_Failure" time="0.000000"></testcase>
		<testcase classname="PPO_BMSTU/tests/unit_tests/test_repository" name="TestRatingRepositoryTestSuite/TestGetRatingByID_Success" time="0.000000"></testcase>
		<testcase classname="PPO_BMSTU/tests/unit_tests/test_repository" name="TestRatingRepositoryTestSuite/TestUpdateRating_Failure" time="0.000000"></testcase>
		<testcase classname="PPO_BMSTU/tests/unit_tests/test_repository" name="TestRatingRepositoryTestSuite/TestUpdateRating_Success" time="0.000000"></testcase>
		<testcase classname="PPO_BMSTU/tests/unit_tests/test_repository" name="TestRatingRepositoryTestSuite" time="0.000000"></testcase>
	</testsuite>
	<testsuite tests="0" failures="0" time="0.000000" name="PPO_BMSTU/tests/unit_tests/test_repository/mocks" timestamp="2024-10-10T01:29:48+03:00">
		<properties>
			<property name="go.version" value="go1.22.4 windows/amd64"></property>
		</properties>
	</testsuite>
	<testsuite tests="176" failures="0" time="0.418000" name="PPO_BMSTU/tests/unit_tests/test_service" timestamp="2024-10-10T01:29:48+03:00">
		<properties>
			<property name="go.version" value="go1.22.4 windows/amd64"></property>
		</properties>
		<testcase classname="PPO_BMSTU/tests/unit_tests/test_service" name="TestCrewService_CreateCrew/create_crew_success_test" time="0.000000"></testcase>
		<testcase classname="PPO_BMSTU/tests/unit_tests/test_service" name="TestCrewService_CreateCrew/invalid_input" time="0.000000"></testcase>
		<testcase classname="PPO_BMSTU/tests/unit_tests/test_service" name="TestCrewService_CreateCrew/crew_creation_error" time="0.000000"></testcase>
		<testcase classname="PPO_BMSTU/tests/unit_tests/test_service" name="TestCrewService_CreateCrew" time="0.000000"></testcase>
		<testcase classname="PPO_BMSTU/tests/unit_tests/test_service" name="TestCrewServiceDeleteCrew/delete_crew_success_test" time="0.000000"></testcase>
		<testcase classname="PPO_BMSTU/tests/unit_tests/test_service" name="TestCrewServiceDeleteCrew/crew_not_found" time="0.000000"></testcase>
		<testcase classname="PPO_BMSTU/tests/unit_tests/test_service" name="TestCrewServiceDeleteCrew/delete_crew_error" time="0.000000"></testcase>
		<testcase classname="PPO_BMSTU/tests/unit_tests/test_service" name="TestCrewServiceDeleteCrew" time="0.000000"></testcase>
		<testcase classname="PPO_BMSTU/tests/unit_tests/test_service" name="TestCrewServiceUpdateCrewByID/Success" time="0.000000"></testcase>
		<testcase classname="PPO_BMSTU/tests/unit_tests/test_service" name="TestCrewServiceUpdateCrewByID/crew_not_found" time="0.000000"></testcase>
		<testcase classname="PPO_BMSTU/tests/unit_tests/test_service" name="TestCrewServiceUpdateCrewByID/invalid_input" time="0.000000"></testcase>
		<testcase classname="PPO_BMSTU/tests/unit_tests/test_service" name="TestCrewServiceUpdateCrewByID" time="0.000000"></testcase>
		<testcase classname="PPO_BMSTU/tests/unit_tests/test_service" name="TestCrewServiceAttachParticipantToCrew/Success" time="0.000000"></testcase>
		<testcase classname="PPO_BMSTU/tests/unit_tests/test_service" name="TestCrewServiceAttachParticipantToCrew/attach_participant_to_crew_error" time="0.000000"></testcase>
		<testcase classname="PPO_BMSTU/tests/unit_tests/test_service" name="TestCrewServiceAttachParticipantToCrew/input_data_error" time="0.000000"></testcase>
		<testcase classname="PPO_BMSTU/tests/unit_tests/test_service" name="TestCrewServiceAttachParticipantToCrew" time="0.000000"></testcase>
		<testcase classname="PPO_BMSTU/tests/unit_tests/test_service" name="TestCrewServiceDetachParticipantFromCrew/Success" time="0.000000"></testcase>
		<testcase classname="PPO_BMSTU/tests/unit_tests/test_service" name="TestCrewServiceDetachParticipantFromCrew/detach_participant_from_crew_error" time="0.000000"></testcase>
		<testcase classname="PPO_BMSTU/tests/unit_tests/test_service" name="TestCrewServiceDetachParticipantFromCrew" time="0.000000"></testcase>
		<testcase classname="PPO_BMSTU/tests/unit_tests/test_service" name="TestCrewServiceReplaceParticipantStatusInCrew/Success" time="0.000000"></testcase>
		<testcase classname="PPO_BMSTU/tests/unit_tests/test_service" name="TestCrewServiceReplaceParticipantStatusInCrew/replace_participant_status_in_crew_error" time="0.000000"></testcase>
		<testcase classname="PPO_BMSTU/tests/unit_tests/test_service" name="TestCrewServiceReplaceParticipantStatusInCrew/input_data_error" time="0.000000"></testcase>
		<testcase classname="PPO_BMSTU/tests/unit_tests/test_service" name="TestCrewServiceReplaceParticipantStatusInCrew" time="0.000000"></testcase>
		<testcase classname="PPO_BMSTU/tests/unit_tests/test_service" name="TestCrewServiceGetCrewDataByID/get_crew_by_id_success_test" time="0.000000"></testcase>
		<testcase classname="PPO_BMSTU/tests/unit_tests/test_service" name="TestCrewServiceGetCrewDataByID/crew_not_found" time="0.000000"></testcase>
		<testcase classname="PPO_BMSTU/tests/unit_tests/test_service" name="TestCrewServiceGetCrewDataByID/get_crew_by_id_error" time="0.000000"></testcase>
		<testcase classname="PPO_BMSTU/tests/unit_tests/test_service" name="TestCrewServiceGetCrewDataByID" time="0.000000"></testcase>
		<testcase classname="PPO_BMSTU/tests/unit_tests/test_service" name="TestJudgeService_GetJudgeByID/Success" time="0.000000"></testcase>
		<testcase classname="PPO_BMSTU/tests/unit_tests/test_service" name="TestJudgeService_GetJudgeByID/judgeView_not_found" time="0.000000"></testcase>
		<testcase classname="PPO_BMSTU/tests/unit_tests/test_service" name="TestJudgeService_GetJudgeByID" time="0.000000"></testcase>
		<testcase classname="PPO_BMSTU/tests/unit_tests/test_service" name="TestJudgeServiceGetJudgeDataByProtestID/Success" time="0.000000"></testcase>
		<testcase classname="PPO_BMSTU/tests/unit_tests/test_service" name="TestJudgeServiceGetJudgeDataByProtestID/judgeView_not_found" time="0.000000"></testcase>
		<testcase classname="PPO_BMSTU/tests/unit_tests/test_service" name="TestJudgeServiceGetJudgeDataByProtestID" time="0.000000"></testcase>
		<testcase classname="PPO_BMSTU/tests/unit_tests/test_service" name="TestJudgeServiceGetJudgesDataByRatingID/Success" time="0.000000"></testcase>
		<testcase classname="PPO_BMSTU/tests/unit_tests/test_service" name="TestJudgeServiceGetJudgesDataByRatingID/empty_list" time="0.000000"></testcase>
		<testcase classname="PPO_BMSTU/tests/unit_tests/test_service" name="TestJudgeServiceGetJudgesDataByRatingID" time="0.000000"></testcase>
		<testcase classname="PPO_BMSTU/tests/unit_tests/test_service" name="TestJudgeService_Delete/Success" time="0.000000"></testcase>
		<testcase classname="PPO_BMSTU/tests/unit_tests/test_service" name="TestJudgeService_Delete/judgeView_not_found" time="0.000000"></testcase>
		<testcase classname="PPO_BMSTU/tests/unit_tests/test_service" name="TestJudgeService_Delete" time="0.000000"></testcase>
		<testcase classname="PPO_BMSTU/tests/unit_tests/test_service" name="TestJudgeServiceUpdateProfile/Success" time="0.000000"></testcase>
		<testcase classname="PPO_BMSTU/tests/unit_tests/test_service" name="TestJudgeServiceUpdateProfile/crew_not_found" time="0.000000"></testcase>
		<testcase classname="PPO_BMSTU/tests/unit_tests/test_service" name="TestJudgeServiceUpdateProfile/invalid_password" time="0.000000"></testcase>
		<testcase classname="PPO_BMSTU/tests/unit_tests/test_service" name="TestJudgeServiceUpdateProfile/invalid_fio" time="0.000000"></testcase>
		<testcase classname="PPO_BMSTU/tests/unit_tests/test_service" name="TestJudgeServiceUpdateProfile/invalid_role" time="0.000000"></testcase>
		<testcase classname="PPO_BMSTU/tests/unit_tests/test_service" name="TestJudgeServiceUpdateProfile/invalid_login" time="0.000000"></testcase>
		<testcase classname="PPO_BMSTU/tests/unit_tests/test_service" name="TestJudgeServiceUpdateProfile" time="0.000000"></testcase>
		<testcase classname="PPO_BMSTU/tests/unit_tests/test_service" name="TestJudgeServiceCreate/Success" time="0.000000"></testcase>
		<testcase classname="PPO_BMSTU/tests/unit_tests/test_service" name="TestJudgeServiceCreate/judgeView_already_exists" time="0.000000"></testcase>
		<testcase classname="PPO_BMSTU/tests/unit_tests/test_service" name="TestJudgeServiceCreate/invalid_fio" time="0.000000"></testcase>
		<testcase classname="PPO_BMSTU/tests/unit_tests/test_service" name="TestJudgeServiceCreate/invalid_Login" time="0.000000"></testcase>
		<testcase classname="PPO_BMSTU/tests/unit_tests/test_service" name="TestJudgeServiceCreate/invalid_role" time="0.000000"></testcase>
		<testcase classname="PPO_BMSTU/tests/unit_tests/test_service" name="TestJudgeServiceCreate/invalid_password" time="0.000000"></testcase>
		<testcase classname="PPO_BMSTU/tests/unit_tests/test_service" name="TestJudgeServiceCreate" time="0.000000"></testcase>
		<testcase classname="PPO_BMSTU/tests/unit_tests/test_service" name="TestJudgeServiceLogin/Success" time="0.000000"></testcase>
		<testcase classname="PPO_BMSTU/tests/unit_tests/test_service" name="TestJudgeServiceLogin/judgeView_not_found" time="0.000000"></testcase>
		<testcase classname="PPO_BMSTU/tests/unit_tests/test_service" name="TestJudgeServiceLogin/invalid_password" time="0.000000"></testcase>
		<testcase classname="PPO_BMSTU/tests/unit_tests/test_service" name="TestJudgeServiceLogin" time="0.000000"></testcase>
		<testcase classname="PPO_BMSTU/tests/unit_tests/test_service" name="TestParticipantServiceGetByID/basic_get_by_id" time="0.000000"></testcase>
		<testcase classname="PPO_BMSTU/tests/unit_tests/test_service" name="TestParticipantServiceGetByID/participant_not_found" time="0.000000"></testcase>
		<testcase classname="PPO_BMSTU/tests/unit_tests/test_service" name="TestParticipantServiceGetByID" time="0.000000"></testcase>
		<testcase classname="PPO_BMSTU/tests/unit_tests/test_service" name="TestParticipantServiceUpdate/Success" time="0.010000"></testcase>
		<testcase classname="PPO_BMSTU/tests/unit_tests/test_service" name="TestParticipantServiceUpdate/participant_not_found" time="0.000000"></testcase>
		<testcase classname="PPO_BMSTU/tests/unit_tests/test_service" name="TestParticipantServiceUpdate/invalid_fio" time="0.000000"></testcase>
		<testcase classname="PPO_BMSTU/tests/unit_tests/test_service" name="TestParticipantServiceUpdate/invalid_category" time="0.000000"></testcase>
		<testcase classname="PPO_BMSTU/tests/unit_tests/test_service" name="TestParticipantServiceUpdate/invalid_coach" time="0.000000"></testcase>
		<testcase classname="PPO_BMSTU/tests/unit_tests/test_service" name="TestParticipantServiceUpdate/invalid_birthdate" time="0.000000"></testcase>
		<testcase classname="PPO_BMSTU/tests/unit_tests/test_service" name="TestParticipantServiceUpdate/update_failed" time="0.000000"></testcase>
		<testcase classname="PPO_BMSTU/tests/unit_tests/test_service" name="TestParticipantServiceUpdate" time="0.010000"></testcase>
		<testcase classname="PPO_BMSTU/tests/unit_tests/test_service" name="TestParticipantServiceCreate/Success" time="0.000000"></testcase>
		<testcase classname="PPO_BMSTU/tests/unit_tests/test_service" name="TestParticipantServiceCreate/create_failed" time="0.000000"></testcase>
		<testcase classname="PPO_BMSTU/tests/unit_tests/test_service" name="TestParticipantServiceCreate/invalid_fio" time="0.000000"></testcase>
		<testcase classname="PPO_BMSTU/tests/unit_tests/test_service" name="TestParticipantServiceCreate/invalid_category" time="0.000000"></testcase>
		<testcase classname="PPO_BMSTU/tests/unit_tests/test_service" name="TestParticipantServiceCreate/invalid_gender" time="0.000000"></testcase>
		<testcase classname="PPO_BMSTU/tests/unit_tests/test_service" name="TestParticipantServiceCreate/invalid_coach" time="0.000000"></testcase>
		<testcase classname="PPO_BMSTU/tests/unit_tests/test_service" name="TestParticipantServiceCreate/invalid_birthdate" time="0.000000"></testcase>
		<testcase classname="PPO_BMSTU/tests/unit_tests/test_service" name="TestParticipantServiceCreate" time="0.000000"></testcase>
		<testcase classname="PPO_BMSTU/tests/unit_tests/test_service" name="TestProtestServiceCreate/basic_create" time="0.000000"></testcase>
		<testcase classname="PPO_BMSTU/tests/unit_tests/test_service" name="TestProtestServiceCreate/invalid_ruleNum" time="0.000000"></testcase>
		<testcase classname="PPO_BMSTU/tests/unit_tests/test_service" name="TestProtestServiceCreate/create_failed" time="0.000000"></testcase>
		<testcase classname="PPO_BMSTU/tests/unit_tests/test_service" name="TestProtestServiceCreate/GetCrewDataBySailNumAndRatingID_method_failed" time="0.000000"></testcase>
		<testcase classname="PPO_BMSTU/tests/unit_tests/test_service" name="TestProtestServiceCreate/AttachCrewToProtest_method_failed" time="0.000000"></testcase>
		<testcase classname="PPO_BMSTU/tests/unit_tests/test_service" name="TestProtestServiceCreate/Attach_witnesse_Crew_To_Protest_failed" time="0.000000"></testcase>
		<testcase classname="PPO_BMSTU/tests/unit_tests/test_service" name="TestProtestServiceCreate/Get_witnesse_Crew_Data_By_SailNum_And_RatingID_failed" time="0.000000"></testcase>
		<testcase classname="PPO_BMSTU/tests/unit_tests/test_service" name="TestProtestServiceCreate" time="0.000000"></testcase>
		<testcase classname="PPO_BMSTU/tests/unit_tests/test_service" name="TestProtestServiceUpdate/basic_update" time="0.000000"></testcase>
		<testcase classname="PPO_BMSTU/tests/unit_tests/test_service" name="TestProtestServiceUpdate/invalid_ruleNum" time="0.000000"></testcase>
		<testcase classname="PPO_BMSTU/tests/unit_tests/test_service" name="TestProtestServiceUpdate/invalid_status" time="0.000000"></testcase>
		<testcase classname="PPO_BMSTU/tests/unit_tests/test_service" name="TestProtestServiceUpdate/update_failed" time="0.000000"></testcase>
		<testcase classname="PPO_BMSTU/tests/unit_tests/test_service" name="TestProtestServiceUpdate" time="0.000000"></testcase>
		<testcase classname="PPO_BMSTU/tests/unit_tests/test_service" name="TestProtestServiceDeleteProtest/delete_protest_success_test" time="0.000000"></testcase>
		<testcase classname="PPO_BMSTU/tests/unit_tests/test_service" name="TestProtestServiceDeleteProtest/protest_not_found" time="0.000000"></testcase>
		<testcase classname="PPO_BMSTU/tests/unit_tests/test_service" name="TestProtestServiceDeleteProtest/delete_protest_error" time="0.000000"></testcase>
		<testcase classname="PPO_BMSTU/tests/unit_tests/test_service" name="TestProtestServiceDeleteProtest" time="0.000000"></testcase>
		<testcase classname="PPO_BMSTU/tests/unit_tests/test_service" name="TestProtestServiceGetProtestDataByID/get_protest_by_id_success_test" time="0.000000"></testcase>
		<testcase classname="PPO_BMSTU/tests/unit_tests/test_service" name="TestProtestServiceGetProtestDataByID/protest_not_found" time="0.000000"></testcase>
		<testcase classname="PPO_BMSTU/tests/unit_tests/test_service" name="TestProtestServiceGetProtestDataByID/get_protest_by_id_error" time="0.000000"></testcase>
		<testcase classname="PPO_BMSTU/tests/unit_tests/test_service" name="TestProtestServiceGetProtestDataByID" time="0.000000"></testcase>
		<testcase classname="PPO_BMSTU/tests/unit_tests/test_service" name="TestProtestServiceGetProtestsDataByRaceID/get_protests_by_race_id_success_test" time="0.000000"></testcase>
		<testcase classname="PPO_BMSTU/tests/unit_tests/test_service" name="TestProtestServiceGetProtestsDataByRaceID/protests_not_found" time="0.000000"></testcase>
		<testcase classname="PPO_BMSTU/tests/unit_tests/test_service" name="TestProtestServiceGetProtestsDataByRaceID/get_protests_by_race_id_error" time="0.000000"></testcase>
		<testcase classname="PPO_BMSTU/tests/unit_tests/test_service" name="TestProtestServiceGetProtestsDataByRaceID" time="0.000000"></testcase>
		<testcase classname="PPO_BMSTU/tests/unit_tests/test_service" name="TestProtestServiceAttachCrewToProtest/Success" time="0.000000"></testcase>
		<testcase classname="PPO_BMSTU/tests/unit_tests/test_service" name="TestProtestServiceAttachCrewToProtest/attach_crew_to_protest_error" time="0.000000"></testcase>
		<testcase classname="PPO_BMSTU/tests/unit_tests/test_service" name="TestProtestServiceAttachCrewToProtest/invalid_role_error" time="0.000000"></testcase>
		<testcase classname="PPO_BMSTU/tests/unit_tests/test_service" name="TestProtestServiceAttachCrewToProtest/crew_not_found_error" time="0.000000"></testcase>
		<testcase classname="PPO_BMSTU/tests/unit_tests/test_service" name="TestProtestServiceAttachCrewToProtest" time="0.000000"></testcase>
		<testcase classname="PPO_BMSTU/tests/unit_tests/test_service" name="TestProtestServiceDetachCrewFromProtest/Success" time="0.000000"></testcase>
		<testcase classname="PPO_BMSTU/tests/unit_tests/test_service" name="TestProtestServiceDetachCrewFromProtest/detach_crew_from_protest_error" time="0.000000"></testcase>
		<testcase classname="PPO_BMSTU/tests/unit_tests/test_service" name="TestProtestServiceDetachCrewFromProtest/crew_not_found_error" time="0.000000"></testcase>
		<testcase classname="PPO_BMSTU/tests/unit_tests/test_service" name="TestProtestServiceDetachCrewFromProtest" time="0.000000"></testcase>
		<testcase classname="PPO_BMSTU/tests/unit_tests/test_service" name="TestProtestServiceCompleteReview/Success" time="0.000000"></testcase>
		<testcase classname="PPO_BMSTU/tests/unit_tests/test_service" name="TestProtestServiceCompleteReview/protest_not_found_error" time="0.000000"></testcase>
		<testcase classname="PPO_BMSTU/tests/unit_tests/test_service" name="TestProtestServiceCompleteReview/protest_update_error" time="0.000000"></testcase>
		<testcase classname="PPO_BMSTU/tests/unit_tests/test_service" name="TestProtestServiceCompleteReview/crew_res_in_race_update_error" time="0.000000"></testcase>
		<testcase classname="PPO_BMSTU/tests/unit_tests/test_service" name="TestProtestServiceCompleteReview/GetCrewResByRaceIDAndCrewID_error" time="0.000000"></testcase>
		<testcase classname="PPO_BMSTU/tests/unit_tests/test_service" name="TestProtestServiceCompleteReview" time="0.000000"></testcase>
		<testcase classname="PPO_BMSTU/tests/unit_tests/test_service" name="TestProtestServiceGetProtestParticipantsIDByID/get_protest_participants_ids_by_protest_id_success_test" time="0.000000"></testcase>
		<testcase classname="PPO_BMSTU/tests/unit_tests/test_service" name="TestProtestServiceGetProtestParticipantsIDByID/protest_participants_not_found" time="0.000000"></testcase>
		<testcase classname="PPO_BMSTU/tests/unit_tests/test_service" name="TestProtestServiceGetProtestParticipantsIDByID/get_protest_participants_by_id_error" time="0.000000"></testcase>
		<testcase classname="PPO_BMSTU/tests/unit_tests/test_service" name="TestProtestServiceGetProtestParticipantsIDByID" time="0.000000"></testcase>
		<testcase classname="PPO_BMSTU/tests/unit_tests/test_service" name="TestRaceService_CreateRace/create_race_success_test" time="0.000000"></testcase>
		<testcase classname="PPO_BMSTU/tests/unit_tests/test_service" name="TestRaceService_CreateRace/invalid_input" time="0.000000"></testcase>
		<testcase classname="PPO_BMSTU/tests/unit_tests/test_service" name="TestRaceService_CreateRace/race_creation_error" time="0.000000"></testcase>
		<testcase classname="PPO_BMSTU/tests/unit_tests/test_service" name="TestRaceService_CreateRace" time="0.000000"></testcase>
		<testcase classname="PPO_BMSTU/tests/unit_tests/test_service" name="TestRaceServiceDeleteRace/delete_race_success_test" time="0.000000"></testcase>
		<testcase classname="PPO_BMSTU/tests/unit_tests/test_service" name="TestRaceServiceDeleteRace/race_not_found" time="0.000000"></testcase>
		<testcase classname="PPO_BMSTU/tests/unit_tests/test_service" name="TestRaceServiceDeleteRace/delete_race_error" time="0.000000"></testcase>
		<testcase classname="PPO_BMSTU/tests/unit_tests/test_service" name="TestRaceServiceDeleteRace" time="0.000000"></testcase>
		<testcase classname="PPO_BMSTU/tests/unit_tests/test_service" name="TestRaceService_UpdateRace/update_race_success_test" time="0.000000"></testcase>
		<testcase classname="PPO_BMSTU/tests/unit_tests/test_service" name="TestRaceService_UpdateRace/invalid_input" time="0.000000"></testcase>
		<testcase classname="PPO_BMSTU/tests/unit_tests/test_service" name="TestRaceService_UpdateRace/race_update_error" time="0.000000"></testcase>
		<testcase classname="PPO_BMSTU/tests/unit_tests/test_service" name="TestRaceService_UpdateRace" time="0.000000"></testcase>
		<testcase classname="PPO_BMSTU/tests/unit_tests/test_service" name="TestRaceServiceGetRaceDataByID/get_race_by_id_success_test" time="0.000000"></testcase>
		<testcase classname="PPO_BMSTU/tests/unit_tests/test_service" name="TestRaceServiceGetRaceDataByID/get_race_by_id_error" time="0.000000"></testcase>
		<testcase classname="PPO_BMSTU/tests/unit_tests/test_service" name="TestRaceServiceGetRaceDataByID" time="0.000000"></testcase>
		<testcase classname="PPO_BMSTU/tests/unit_tests/test_service" name="TestRaceServiceGetRacesDataByRatingID/get_races_by_rating_id_success_test" time="0.000000"></testcase>
		<testcase classname="PPO_BMSTU/tests/unit_tests/test_service" name="TestRaceServiceGetRacesDataByRatingID/races_not_found" time="0.000000"></testcase>
		<testcase classname="PPO_BMSTU/tests/unit_tests/test_service" name="TestRaceServiceGetRacesDataByRatingID/get_races_by_rating_id_error" time="0.000000"></testcase>
		<testcase classname="PPO_BMSTU/tests/unit_tests/test_service" name="TestRaceServiceGetRacesDataByRatingID" time="0.000000"></testcase>
		<testcase classname="PPO_BMSTU/tests/unit_tests/test_service" name="TestRaceServiceMakeStartProcedure/Success" time="0.000000"></testcase>
		<testcase classname="PPO_BMSTU/tests/unit_tests/test_service" name="TestRaceServiceMakeStartProcedure/GetRaceDataByID_error" time="0.000000"></testcase>
		<testcase classname="PPO_BMSTU/tests/unit_tests/test_service" name="TestRaceServiceMakeStartProcedure/GetCrewsDataByRatingID_error" time="0.000000"></testcase>
		<testcase classname="PPO_BMSTU/tests/unit_tests/test_service" name="TestRaceServiceMakeStartProcedure/GetCrewDataBySailNumAndRatingID_error" time="0.000000"></testcase>
		<testcase classname="PPO_BMSTU/tests/unit_tests/test_service" name="TestRaceServiceMakeStartProcedure" time="0.000000"></testcase>
		<testcase classname="PPO_BMSTU/tests/unit_tests/test_service" name="TestRaceServiceMakeFinishProcedure/Success" time="0.000000"></testcase>
		<testcase classname="PPO_BMSTU/tests/unit_tests/test_service" name="TestRaceServiceMakeFinishProcedure/GetRaceDataByID_error" time="0.000000"></testcase>
		<testcase classname="PPO_BMSTU/tests/unit_tests/test_service" name="TestRaceServiceMakeFinishProcedure/GetCrewDataBySailNumAndRatingID_error" time="0.000000"></testcase>
		<testcase classname="PPO_BMSTU/tests/unit_tests/test_service" name="TestRaceServiceMakeFinishProcedure/GetCrewResByRaceIDAndCrewID_error" time="0.000000"></testcase>
		<testcase classname="PPO_BMSTU/tests/unit_tests/test_service" name="TestRaceServiceMakeFinishProcedure/Update_error" time="0.000000"></testcase>
		<testcase classname="PPO_BMSTU/tests/unit_tests/test_service" name="TestRaceServiceMakeFinishProcedure" time="0.000000"></testcase>
		<testcase classname="PPO_BMSTU/tests/unit_tests/test_service" name="TestRatingService_CreateRating/create_rating_success_test" time="0.000000"></testcase>
		<testcase classname="PPO_BMSTU/tests/unit_tests/test_service" name="TestRatingService_CreateRating/invalid_class" time="0.000000"></testcase>
		<testcase classname="PPO_BMSTU/tests/unit_tests/test_service" name="TestRatingService_CreateRating/invalid_blowout_count" time="0.000000"></testcase>
		<testcase classname="PPO_BMSTU/tests/unit_tests/test_service" name="TestRatingService_CreateRating/rating_creation_error" time="0.000000"></testcase>
		<testcase classname="PPO_BMSTU/tests/unit_tests/test_service" name="TestRatingService_CreateRating" time="0.000000"></testcase>
		<testcase classname="PPO_BMSTU/tests/unit_tests/test_service" name="TestRatingServiceDeleteRating/delete_rating_success_test" time="0.000000"></testcase>
		<testcase classname="PPO_BMSTU/tests/unit_tests/test_service" name="TestRatingServiceDeleteRating/rating_not_found" time="0.000000"></testcase>
		<testcase classname="PPO_BMSTU/tests/unit_tests/test_service" name="TestRatingServiceDeleteRating/GetJudgesDataByRatingID_error" time="0.000000"></testcase>
		<testcase classname="PPO_BMSTU/tests/unit_tests/test_service" name="TestRatingServiceDeleteRating/DetachJudgeFromRating_error" time="0.000000"></testcase>
		<testcase classname="PPO_BMSTU/tests/unit_tests/test_service" name="TestRatingServiceDeleteRating/delete_rating_error" time="0.000000"></testcase>
		<testcase classname="PPO_BMSTU/tests/unit_tests/test_service" name="TestRatingServiceDeleteRating" time="0.000000"></testcase>
		<testcase classname="PPO_BMSTU/tests/unit_tests/test_service" name="TestRatingServiceUpdateRatingByID/Success" time="0.000000"></testcase>
		<testcase classname="PPO_BMSTU/tests/unit_tests/test_service" name="TestRatingServiceUpdateRatingByID/rating_not_found" time="0.000000"></testcase>
		<testcase classname="PPO_BMSTU/tests/unit_tests/test_service" name="TestRatingServiceUpdateRatingByID/invalid_class" time="0.000000"></testcase>
		<testcase classname="PPO_BMSTU/tests/unit_tests/test_service" name="TestRatingServiceUpdateRatingByID/invalid_class_blow_count" time="0.000000"></testcase>
		<testcase classname="PPO_BMSTU/tests/unit_tests/test_service" name="TestRatingServiceUpdateRatingByID" time="0.000000"></testcase>
		<testcase classname="PPO_BMSTU/tests/unit_tests/test_service" name="TestRatingServiceAttachJudgeToRating/Success" time="0.000000"></testcase>
		<testcase classname="PPO_BMSTU/tests/unit_tests/test_service" name="TestRatingServiceAttachJudgeToRating/attach_judgeView_to_rating_error" time="0.000000"></testcase>
		<testcase classname="PPO_BMSTU/tests/unit_tests/test_service" name="TestRatingServiceAttachJudgeToRating" time="0.000000"></testcase>
		<testcase classname="PPO_BMSTU/tests/unit_tests/test_service" name="TestRatingServiceDetachJudgeFromRating/Success" time="0.000000"></testcase>
		<testcase classname="PPO_BMSTU/tests/unit_tests/test_service" name="TestRatingServiceDetachJudgeFromRating/detach_judgeView_from_rating_error" time="0.000000"></testcase>
		<testcase classname="PPO_BMSTU/tests/unit_tests/test_service" name="TestRatingServiceDetachJudgeFromRating" time="0.000000"></testcase>
		<testcase classname="PPO_BMSTU/tests/unit_tests/test_service" name="TestRatingServiceGetRatingDataByID/get_rating_by_id_success_test" time="0.000000"></testcase>
		<testcase classname="PPO_BMSTU/tests/unit_tests/test_service" name="TestRatingServiceGetRatingDataByID/rating_not_found" time="0.000000"></testcase>
		<testcase classname="PPO_BMSTU/tests/unit_tests/test_service" name="TestRatingServiceGetRatingDataByID/get_rating_by_id_error" time="0.000000"></testcase>
		<testcase classname="PPO_BMSTU/tests/unit_tests/test_service" name="TestRatingServiceGetRatingDataByID" time="0.000000"></testcase>
	</testsuite>
	<testsuite tests="0" failures="0" time="0.000000" name="PPO_BMSTU/tests/unit_tests/test_service/repository_mocks" timestamp="2024-10-10T01:29:48+03:00">
		<properties>
			<property name="go.version" value="go1.22.4 windows/amd64"></property>
		</properties>
	</testsuite>
</testsuites>